<?xml version="1.0" encoding="UTF-8"?>
<robot generator="Robot 4.1.3 (Python 3.8.10 on linux)" generated="20220303 10:22:38.215" rpa="false" schemaversion="2">
<suite id="s1" name="Tests" source="/home/katjaker/Miniprojekti/lukuvinkkikirjasto/src/tests">
<suite id="s1-s1" name="Index" source="/home/katjaker/Miniprojekti/lukuvinkkikirjasto/src/tests/index.robot">
<kw name="Open And Configure Browser" library="resource" type="SETUP">
<kw name="Open Browser" library="SeleniumLibrary">
<arg>browser=${BROWSER}</arg>
<doc>Opens a new browser instance to the optional ``url``.</doc>
<msg timestamp="20220303 10:22:38.354" level="FAIL">Variable '${BROWSER}' not found.</msg>
<status status="FAIL" starttime="20220303 10:22:38.353" endtime="20220303 10:22:38.354"/>
</kw>
<kw name="Maximize Browser Window" library="SeleniumLibrary">
<doc>Maximizes current browser window.</doc>
<status status="NOT RUN" starttime="20220303 10:22:38.354" endtime="20220303 10:22:38.354"/>
</kw>
<kw name="Set Selenium Speed" library="SeleniumLibrary">
<arg>${DELAY}</arg>
<doc>Sets the delay that is waited after each Selenium command.</doc>
<status status="NOT RUN" starttime="20220303 10:22:38.354" endtime="20220303 10:22:38.354"/>
</kw>
<status status="FAIL" starttime="20220303 10:22:38.353" endtime="20220303 10:22:38.355"/>
</kw>
<test id="s1-s1-t1" name="Click Login Link">
<status status="FAIL" starttime="20220303 10:22:38.355" endtime="20220303 10:22:38.355">Parent suite setup failed:
Variable '${BROWSER}' not found.</status>
</test>
<test id="s1-s1-t2" name="Click Register Link">
<status status="FAIL" starttime="20220303 10:22:38.356" endtime="20220303 10:22:38.356">Parent suite setup failed:
Variable '${BROWSER}' not found.</status>
</test>
<kw name="Close Browser" library="SeleniumLibrary" type="TEARDOWN">
<doc>Closes the current browser.</doc>
<status status="PASS" starttime="20220303 10:22:38.357" endtime="20220303 10:22:38.357"/>
</kw>
<status status="FAIL" starttime="20220303 10:22:38.232" endtime="20220303 10:22:38.357">Suite setup failed:
Variable '${BROWSER}' not found.</status>
</suite>
<suite id="s1-s2" name="Login" source="/home/katjaker/Miniprojekti/lukuvinkkikirjasto/src/tests/login.robot">
<kw name="Open And Configure Browser" library="resource" type="SETUP">
<kw name="Open Browser" library="SeleniumLibrary">
<arg>browser=${BROWSER}</arg>
<doc>Opens a new browser instance to the optional ``url``.</doc>
<msg timestamp="20220303 10:22:38.363" level="FAIL">Variable '${BROWSER}' not found.</msg>
<status status="FAIL" starttime="20220303 10:22:38.362" endtime="20220303 10:22:38.363"/>
</kw>
<kw name="Maximize Browser Window" library="SeleniumLibrary">
<doc>Maximizes current browser window.</doc>
<status status="NOT RUN" starttime="20220303 10:22:38.363" endtime="20220303 10:22:38.363"/>
</kw>
<kw name="Set Selenium Speed" library="SeleniumLibrary">
<arg>${DELAY}</arg>
<doc>Sets the delay that is waited after each Selenium command.</doc>
<status status="NOT RUN" starttime="20220303 10:22:38.363" endtime="20220303 10:22:38.363"/>
</kw>
<status status="FAIL" starttime="20220303 10:22:38.362" endtime="20220303 10:22:38.363"/>
</kw>
<test id="s1-s2-t1" name="Login With Correct Credentials">
<status status="FAIL" starttime="20220303 10:22:38.363" endtime="20220303 10:22:38.364">Parent suite setup failed:
Variable '${BROWSER}' not found.</status>
</test>
<test id="s1-s2-t2" name="Login With Incorrect Password">
<status status="FAIL" starttime="20220303 10:22:38.364" endtime="20220303 10:22:38.364">Parent suite setup failed:
Variable '${BROWSER}' not found.</status>
</test>
<test id="s1-s2-t3" name="Login With Nonexistent Username">
<status status="FAIL" starttime="20220303 10:22:38.364" endtime="20220303 10:22:38.365">Parent suite setup failed:
Variable '${BROWSER}' not found.</status>
</test>
<kw name="Close Browser" library="SeleniumLibrary" type="TEARDOWN">
<doc>Closes the current browser.</doc>
<status status="PASS" starttime="20220303 10:22:38.365" endtime="20220303 10:22:38.365"/>
</kw>
<status status="FAIL" starttime="20220303 10:22:38.358" endtime="20220303 10:22:38.365">Suite setup failed:
Variable '${BROWSER}' not found.</status>
</suite>
<suite id="s1-s3" name="Register" source="/home/katjaker/Miniprojekti/lukuvinkkikirjasto/src/tests/register.robot">
<kw name="Open And Configure Browser" library="resource" type="SETUP">
<kw name="Open Browser" library="SeleniumLibrary">
<arg>browser=${BROWSER}</arg>
<doc>Opens a new browser instance to the optional ``url``.</doc>
<msg timestamp="20220303 10:22:38.370" level="FAIL">Variable '${BROWSER}' not found.</msg>
<status status="FAIL" starttime="20220303 10:22:38.369" endtime="20220303 10:22:38.370"/>
</kw>
<kw name="Maximize Browser Window" library="SeleniumLibrary">
<doc>Maximizes current browser window.</doc>
<status status="NOT RUN" starttime="20220303 10:22:38.370" endtime="20220303 10:22:38.370"/>
</kw>
<kw name="Set Selenium Speed" library="SeleniumLibrary">
<arg>${DELAY}</arg>
<doc>Sets the delay that is waited after each Selenium command.</doc>
<status status="NOT RUN" starttime="20220303 10:22:38.370" endtime="20220303 10:22:38.371"/>
</kw>
<status status="FAIL" starttime="20220303 10:22:38.369" endtime="20220303 10:22:38.371"/>
</kw>
<test id="s1-s3-t1" name="Register With Too Short Username And Valid Password">
<status status="FAIL" starttime="20220303 10:22:38.371" endtime="20220303 10:22:38.372">Parent suite setup failed:
Variable '${BROWSER}' not found.</status>
</test>
<test id="s1-s3-t2" name="Register With Valid Username And Too Short Password">
<status status="FAIL" starttime="20220303 10:22:38.372" endtime="20220303 10:22:38.372">Parent suite setup failed:
Variable '${BROWSER}' not found.</status>
</test>
<test id="s1-s3-t3" name="Register With Valid Username And Password With No Number">
<status status="FAIL" starttime="20220303 10:22:38.373" endtime="20220303 10:22:38.373">Parent suite setup failed:
Variable '${BROWSER}' not found.</status>
</test>
<test id="s1-s3-t4" name="Register With Nonmatching Password And Password Confirmation">
<status status="FAIL" starttime="20220303 10:22:38.373" endtime="20220303 10:22:38.374">Parent suite setup failed:
Variable '${BROWSER}' not found.</status>
</test>
<test id="s1-s3-t5" name="Login After Failed Registration">
<status status="FAIL" starttime="20220303 10:22:38.374" endtime="20220303 10:22:38.374">Parent suite setup failed:
Variable '${BROWSER}' not found.</status>
</test>
<kw name="Close Browser" library="SeleniumLibrary" type="TEARDOWN">
<doc>Closes the current browser.</doc>
<status status="PASS" starttime="20220303 10:22:38.375" endtime="20220303 10:22:38.375"/>
</kw>
<status status="FAIL" starttime="20220303 10:22:38.366" endtime="20220303 10:22:38.375">Suite setup failed:
Variable '${BROWSER}' not found.</status>
</suite>
<status status="FAIL" starttime="20220303 10:22:38.215" endtime="20220303 10:22:38.376"/>
</suite>
<statistics>
<total>
<stat pass="0" fail="10" skip="0">All Tests</stat>
</total>
<tag>
</tag>
<suite>
<stat pass="0" fail="10" skip="0" id="s1" name="Tests">Tests</stat>
<stat pass="0" fail="2" skip="0" id="s1-s1" name="Index">Tests.Index</stat>
<stat pass="0" fail="3" skip="0" id="s1-s2" name="Login">Tests.Login</stat>
<stat pass="0" fail="5" skip="0" id="s1-s3" name="Register">Tests.Register</stat>
</suite>
</statistics>
<errors>
<msg timestamp="20220303 10:22:38.234" level="ERROR">Error in file '/home/katjaker/Miniprojekti/lukuvinkkikirjasto/src/tests/resource.robot' on line 8: Setting variable '${BROWSER} headlesschrome' failed: Invalid variable name '${BROWSER} headlesschrome'.</msg>
<msg timestamp="20220303 10:22:38.352" level="ERROR">Error in file '/home/katjaker/Miniprojekti/lukuvinkkikirjasto/src/tests/resource.robot' on line 4: Initializing library 'AppLibrary' with no arguments failed: AttributeError: 'AppLibrary' object has no attribute 'reset_application'
Traceback (most recent call last):
  File "/home/katjaker/Miniprojekti/lukuvinkkikirjasto/src/AppLibrary.py", line 9, in __init__
    self.reset_application()</msg>
<msg timestamp="20220303 10:22:38.359" level="ERROR">Error in file '/home/katjaker/Miniprojekti/lukuvinkkikirjasto/src/tests/resource.robot' on line 8: Setting variable '${BROWSER} headlesschrome' failed: Invalid variable name '${BROWSER} headlesschrome'.</msg>
<msg timestamp="20220303 10:22:38.361" level="ERROR">Error in file '/home/katjaker/Miniprojekti/lukuvinkkikirjasto/src/tests/resource.robot' on line 4: Initializing library 'AppLibrary' with no arguments failed: AttributeError: 'AppLibrary' object has no attribute 'reset_application'
Traceback (most recent call last):
  File "/home/katjaker/Miniprojekti/lukuvinkkikirjasto/src/AppLibrary.py", line 9, in __init__
    self.reset_application()</msg>
<msg timestamp="20220303 10:22:38.367" level="ERROR">Error in file '/home/katjaker/Miniprojekti/lukuvinkkikirjasto/src/tests/resource.robot' on line 8: Setting variable '${BROWSER} headlesschrome' failed: Invalid variable name '${BROWSER} headlesschrome'.</msg>
<msg timestamp="20220303 10:22:38.368" level="ERROR">Error in file '/home/katjaker/Miniprojekti/lukuvinkkikirjasto/src/tests/resource.robot' on line 4: Initializing library 'AppLibrary' with no arguments failed: AttributeError: 'AppLibrary' object has no attribute 'reset_application'
Traceback (most recent call last):
  File "/home/katjaker/Miniprojekti/lukuvinkkikirjasto/src/AppLibrary.py", line 9, in __init__
    self.reset_application()</msg>
</errors>
</robot>
